RestClient.post "https://staging.lcp.points.com/v1/offer-sets", "{\"firstName\":\"John\",\"lastName\":\"Doe 2000\",\"memberId\":\"dVNm\"}", "Accept"=>"application/json", "Accept-Encoding"=>"gzip, deflate", "Authorization"=>"MAC id=\"2978fb3837014efabc983689126782d8\", ts=\"1424623180\", nonce=\"a5e87a9a5728749a\", ext=\"t4JJNuwMFiVyr5mh4GCiQxELpTkK%0A\", mac=\"viE5hIRHiCzdtIE0ZHDduhNnCRoK%0A\"", "Content-Length"=>"60", "Content-Type"=>"application/json"
# => 401 Unauthorized | application/json 189 bytes
RestClient.post "https://staging.lcp.points.com/v1/offer-sets", "{\"firstName\":\"John\",\"lastName\":\"Doe 2000\",\"memberId\":\"dVNm\"}", "Accept"=>"application/json", "Accept-Encoding"=>"gzip, deflate", "Authorization"=>"MAC id=\"2978fb3837014efabc983689126782d8\", ts=\"1424623267\", nonce=\"5a4b1fba659cba94\", ext=\"t4JJNuwMFiVyr5mh4GCiQxELpTk%3D%0A\", mac=\"PrqaGW4tX92PTNHwFmtcbG5D%2Bfg%3D%0A\"", "Content-Length"=>"60", "Content-Type"=>"application/json"
# => 401 Unauthorized | application/json 189 bytes
RestClient.post "https://staging.lcp.points.com/v1/offer-sets", "{\"firstName\":\"John\",\"lastName\":\"Doe 2000\",\"memberId\":\"dVNm\"}", "Accept"=>"application/json", "Accept-Encoding"=>"gzip, deflate", "Authorization"=>"MAC id=\"2978fb3837014efabc983689126782d8\", ts=\"1424623292\", nonce=\"f560d78eb748301f\", ext=\"t4JJNuwMFiVyr5mh4GCiQxELpTkKCg%3D%3D%0A\", mac=\"PNLyBx7lV1UQAbLU3G27XUbyUc8KCg%3D%3D%0A\"", "Content-Length"=>"60", "Content-Type"=>"application/json"
# => 401 Unauthorized | application/json 189 bytes
RestClient.post "https://staging.lcp.points.com/v1/offer-sets", "{\"firstName\":\"John\",\"lastName\":\"Doe 2000\",\"memberId\":\"dVNm\"}", "Accept"=>"application/json", "Accept-Encoding"=>"gzip, deflate", "Authorization"=>"MAC id=\"2978fb3837014efabc983689126782d8\", ts=\"1424623305\", nonce=\"7500eeef53ae44d4\", ext=\"t4JJNuwMFiVyr5mh4GCiQxELpTkK%0A\", mac=\"MmANVfpHgsVd5kZg3NV5SciwY8sK%0A\"", "Content-Length"=>"60", "Content-Type"=>"application/json"
# => 401 Unauthorized | application/json 189 bytes
RestClient.post "https://staging.lcp.points.com/v1/offer-sets", "{\"firstName\":\"John\",\"lastName\":\"Doe 2000\",\"memberId\":\"dVNm\"}", "Accept"=>"application/json", "Accept-Encoding"=>"gzip, deflate", "Authorization"=>"MAC id=\"2978fb3837014efabc983689126782d8\", ts=\"1424623448\", nonce=\"c23071fc685ac54b\", ext=\"t4JJNuwMFiVyr5mh4GCiQxELpTk=\n\", mac=\"l55R5CZuOytKYIYlJGKW8Oo6V3kK%0A\"", "Content-Length"=>"60", "Content-Type"=>"application/json"
# => 401 Unauthorized | application/json 189 bytes
RestClient.post "https://staging.lcp.points.com/v1/offer-sets", "{\"firstName\":\"John\",\"lastName\":\"Doe 2000\",\"memberId\":\"dVNm\"}", "Accept"=>"application/json", "Accept-Encoding"=>"gzip, deflate", "Authorization"=>"MAC id=\"2978fb3837014efabc983689126782d8\", ts=\"1424623457\", nonce=\"5d46b8b40a444291\", ext=\"t4JJNuwMFiVyr5mh4GCiQxELpTk=\n\", mac=\"kKwCh9x5Mz2RFD3iDLghrVbvuFsK%0A\"", "Content-Length"=>"60", "Content-Type"=>"application/json"
# => 401 Unauthorized | application/json 189 bytes
RestClient.post "https://staging.lcp.points.com/v1/offer-sets", "{\"firstName\":\"John\",\"lastName\":\"Doe 2000\",\"memberId\":\"dVNm\"}", "Accept"=>"application/json", "Accept-Encoding"=>"gzip, deflate", "Authorization"=>"MAC id=\"2978fb3837014efabc983689126782d8\", ts=\"1424623486\", nonce=\"26f2d269a559a9e3\", ext=\"\xB7\x82I6\xEC\f\x16%r\xAF\x99\xA1\xE0`\xA2C\x11\v\xA59\", mac=\"m7Cdaz4YcQS9CGptfSxb82aAH40K%0A\"", "Content-Length"=>"60", "Content-Type"=>"application/json"
# => 401 Unauthorized | application/json 189 bytes
RestClient.post "https://staging.lcp.points.com/v1/offer-sets", "{\"firstName\":\"John\",\"lastName\":\"Doe 2000\",\"memberId\":\"dVNm\"}", "Accept"=>"application/json", "Accept-Encoding"=>"gzip, deflate", "Authorization"=>"MAC id=\"2978fb3837014efabc983689126782d8\", ts=\"1424623501\", nonce=\"dd955beba4c0513a\", ext=\"t4JJNuwMFiVyr5mh4GCiQxELpTk=\n\", mac=\"2UZl6ZwWd%2BzBWufVSgoDsI6UKLoK%0A\"", "Content-Length"=>"60", "Content-Type"=>"application/json"
# => 401 Unauthorized | application/json 189 bytes
RestClient.post "https://staging.lcp.points.com/v1/offer-sets", "{\"firstName\":\"John\",\"lastName\":\"Doe 2000\",\"memberId\":\"dVNm\"}", "Accept"=>"application/json", "Accept-Encoding"=>"gzip, deflate", "Authorization"=>"MAC id=\"2978fb3837014efabc983689126782d8\", ts=\"1424623643\", nonce=\"ad3c8c4a0a3049a5\", ext=\"t4JJNuwMFiVyr5mh4GCiQxELpTk=\n\", mac=\"uzSWds1dsdCD6xwU1cRPm%2Fo4LcAK%0A\"", "Content-Length"=>"60", "Content-Type"=>"application/json"
# => 401 Unauthorized | application/json 189 bytes
RestClient.post "https://staging.lcp.points.com/v1/offer-sets", "{\"firstName\":\"John\",\"lastName\":\"Doe 2000\",\"memberId\":\"dVNm\"}", "Accept"=>"application/json", "Accept-Encoding"=>"gzip, deflate", "Authorization"=>"MAC id=\"2978fb3837014efabc983689126782d8\", ts=\"1424623711\", nonce=\"7049191db7152b7e\", ext=\"Rbhnsqw73rfa+Y8mYZ+/JB5n2C8=\n\", mac=\"wycJrqTueqV%2BdunddlPA2MMMhaEK%0A\"", "Content-Length"=>"60", "Content-Type"=>"application/json"
# => 401 Unauthorized | application/json 189 bytes
RestClient.post "https://staging.lcp.points.com/v1/offer-sets", "{\"firstName\":\"John\",\"lastName\":\"Doe 2000\",\"memberId\":\"dVNm\"}", "Accept"=>"application/json", "Accept-Encoding"=>"gzip, deflate", "Authorization"=>"MAC id=\"2978fb3837014efabc983689126782d8\", ts=\"1424623736\", nonce=\"7b95e8852503946c\", ext=\"t4JJNuwMFiVyr5mh4GCiQxELpTk9\n\", mac=\"bgRIRsY%2Frx8wADrV%2Bciwb%2BqRR0EK%0A\"", "Content-Length"=>"60", "Content-Type"=>"application/json"
# => 401 Unauthorized | application/json 189 bytes
RestClient.post "https://staging.lcp.points.com/v1/offer-sets", "{\"firstName\":\"John\",\"lastName\":\"Doe 2000\",\"memberId\":\"dVNm\"}", "Accept"=>"application/json", "Accept-Encoding"=>"gzip, deflate", "Authorization"=>"MAC id=\"2978fb3837014efabc983689126782d8\", ts=\"1424623851\", nonce=\"d3097c8c47960fd7\", ext=\"t4JJNuwMFiVyr5mh4GCiQxELpTk=\", mac=\"Bgk4j8MV5EEby6KD8Z4mRDWSob4K%0A\"", "Content-Length"=>"60", "Content-Type"=>"application/json"
# => 401 Unauthorized | application/json 189 bytes
RestClient.post "https://staging.lcp.points.com/v1/offer-sets", "{\"firstName\":\"John\",\"lastName\":\"Doe 2000\",\"memberId\":\"dVNm\"}", "Accept"=>"application/json", "Accept-Encoding"=>"gzip, deflate", "Authorization"=>"MAC id=\"2978fb3837014efabc983689126782d8\", ts=\"1424623894\", nonce=\"67e6fefb3519861f\", ext=\"t4JJNuwMFiVyr5mh4GCiQxELpTk=\", mac=\"jn8hs/g+w/Wqmz9fisZpCyaN4Lc=\"", "Content-Length"=>"60", "Content-Type"=>"application/json"
# => 401 Unauthorized | application/json 189 bytes
RestClient.post "https://staging.lcp.points.com/v1/offer-sets", "{\"firstName\":\"John\",\"lastName\":\"Doe 2000\",\"memberId\":\"dVNm\"}", "Accept"=>"application/json", "Accept-Encoding"=>"gzip, deflate", "Authorization"=>"MAC id=\"2978fb3837014efabc983689126782d8\", ts=\"1424623921\", nonce=\"444e83eb0ec5b8aa\", ext=\"t4JJNuwMFiVyr5mh4GCiQxELpTk=\", mac=\"MKvFxIBvXZdQa1KDtYPyLTyyzEMK\"", "Content-Length"=>"60", "Content-Type"=>"application/json"
# => 401 Unauthorized | application/json 189 bytes
RestClient.post "https://staging.lcp.points.com/v1/offer-sets", "{\"firstName\":\"John\",\"lastName\":\"Doe 2000\",\"memberId\":\"dVNm\"}", "Accept"=>"application/json", "Accept-Encoding"=>"gzip, deflate", "Authorization"=>"MAC id=\"2978fb3837014efabc983689126782d8\", ts=\"1424623961\", nonce=\"9ae4628ac4c6b2e5\", ext=\"t4JJNuwMFiVyr5mh4GCiQxELpTk=\", mac=\"uxvdFe7VQuoyWA9Dii4Omcq1vw0=\"", "Content-Length"=>"60", "Content-Type"=>"application/json"
# => 401 Unauthorized | application/json 189 bytes
RestClient.post "https://staging.lcp.points.com/v1/offer-sets", "{\"firstName\":\"John\",\"lastName\":\"Doe 2000\",\"memberId\":\"dVNm\"}", "Accept"=>"application/json", "Accept-Encoding"=>"gzip, deflate", "Authorization"=>"MAC id=\"2978fb3837014efabc983689126782d8\", ts=\"1424624606\", nonce=\"904d0b8162c16d32\", ext=\"\xB7\x82I6\xEC\f\x16%r\xAF\x99\xA1\xE0`\xA2C\x11\v\xA59\", mac=\"pJlHXDzM0i/Ufm4A0bz0xb8CXIQ=\"", "Content-Length"=>"60", "Content-Type"=>"application/json"
# => 401 Unauthorized | application/json 189 bytes
RestClient.post "https://staging.lcp.points.com/v1/offer-sets", "{\"firstName\":\"John\",\"lastName\":\"Doe 2000\",\"memberId\":\"dVNm\"}", "Accept"=>"application/json", "Accept-Encoding"=>"gzip, deflate", "Authorization"=>"MAC id=\"2978fb3837014efabc983689126782d8\", ts=\"1424624633\", nonce=\"b0746c6900627ad6\", ext=\"t4JJNuwMFiVyr5mh4GCiQxELpTk=\", mac=\"og23xDMS91Pn40A2cM8Y0RRFi9o=\"", "Content-Length"=>"60", "Content-Type"=>"application/json"
# => 401 Unauthorized | application/json 189 bytes
